INFO - 2023-06-20 15:19:27 --> Session: Class initialized using 'CodeIgniter\Session\Handlers\FileHandler' driver.
INFO - 2023-06-20 15:19:27 --> Session: Class initialized using 'CodeIgniter\Session\Handlers\FileHandler' driver.
INFO - 2023-06-20 15:19:35 --> Session: Class initialized using 'CodeIgniter\Session\Handlers\FileHandler' driver.
INFO - 2023-06-20 15:19:35 --> Session: Class initialized using 'CodeIgniter\Session\Handlers\FileHandler' driver.
INFO - 2023-06-20 15:19:38 --> Session: Class initialized using 'CodeIgniter\Session\Handlers\FileHandler' driver.
INFO - 2023-06-20 15:19:38 --> Cart Class Initialized
INFO - 2023-06-20 15:19:40 --> Session: Class initialized using 'CodeIgniter\Session\Handlers\FileHandler' driver.
INFO - 2023-06-20 15:19:43 --> Session: Class initialized using 'CodeIgniter\Session\Handlers\FileHandler' driver.
INFO - 2023-06-20 15:19:43 --> Cart Class Initialized
INFO - 2023-06-20 15:19:43 --> Session: Class initialized using 'CodeIgniter\Session\Handlers\FileHandler' driver.
INFO - 2023-06-20 15:19:45 --> Session: Class initialized using 'CodeIgniter\Session\Handlers\FileHandler' driver.
INFO - 2023-06-20 15:19:45 --> Cart Class Initialized
INFO - 2023-06-20 15:19:48 --> Session: Class initialized using 'CodeIgniter\Session\Handlers\FileHandler' driver.
INFO - 2023-06-20 15:19:48 --> Cart Class Initialized
INFO - 2023-06-20 15:20:10 --> Session: Class initialized using 'CodeIgniter\Session\Handlers\FileHandler' driver.
INFO - 2023-06-20 15:20:10 --> Cart Class Initialized
INFO - 2023-06-20 15:20:17 --> Session: Class initialized using 'CodeIgniter\Session\Handlers\FileHandler' driver.
INFO - 2023-06-20 15:20:17 --> Cart Class Initialized
INFO - 2023-06-20 15:20:48 --> Session: Class initialized using 'CodeIgniter\Session\Handlers\FileHandler' driver.
INFO - 2023-06-20 15:20:48 --> Cart Class Initialized
ERROR - 2023-06-20 15:20:48 --> mysqli_sql_exception: Table 'tokosepatu.transaksi_detail' doesn't exist in D:\XAMPP\htdocs\ci4\system\Database\MySQLi\Connection.php:295
Stack trace:
#0 D:\XAMPP\htdocs\ci4\system\Database\MySQLi\Connection.php(295): mysqli->query('INSERT INTO `tr...', 0)
#1 D:\XAMPP\htdocs\ci4\system\Database\BaseConnection.php(692): CodeIgniter\Database\MySQLi\Connection->execute('INSERT INTO `tr...')
#2 D:\XAMPP\htdocs\ci4\system\Database\BaseConnection.php(606): CodeIgniter\Database\BaseConnection->simpleQuery('INSERT INTO `tr...')
#3 D:\XAMPP\htdocs\ci4\system\Database\BaseBuilder.php(2309): CodeIgniter\Database\BaseConnection->query('INSERT INTO `tr...', Array, false)
#4 D:\XAMPP\htdocs\ci4\system\Model.php(330): CodeIgniter\Database\BaseBuilder->insert()
#5 D:\XAMPP\htdocs\ci4\system\BaseModel.php(782): CodeIgniter\Model->doInsert(Array)
#6 D:\XAMPP\htdocs\ci4\system\Model.php(730): CodeIgniter\BaseModel->insert(Array, true)
#7 D:\XAMPP\htdocs\ci4\app\Controllers\TransaksiController.php(198): CodeIgniter\Model->insert(Array)
#8 D:\XAMPP\htdocs\ci4\system\CodeIgniter.php(934): App\Controllers\TransaksiController->buy()
#9 D:\XAMPP\htdocs\ci4\system\CodeIgniter.php(499): CodeIgniter\CodeIgniter->runController(Object(App\Controllers\TransaksiController))
#10 D:\XAMPP\htdocs\ci4\system\CodeIgniter.php(368): CodeIgniter\CodeIgniter->handleRequest(NULL, Object(Config\Cache), false)
#11 D:\XAMPP\htdocs\ci4\index.php(67): CodeIgniter\CodeIgniter->run()
#12 {main}
CRITICAL - 2023-06-20 15:20:48 --> Table 'tokosepatu.transaksi_detail' doesn't exist
in SYSTEMPATH\Database\MySQLi\Connection.php on line 295.
 1 SYSTEMPATH\Database\MySQLi\Connection.php(295): mysqli->query('INSERT INTO `transaksi_detail` (`id_transaksi`, `id_barang`, `jumlah`, `diskon`, `subtotal_harga`, `created_by`, `created_date`) VALUES (1, \'54\', 1, 0, 12800000, \'user\', \'2023-06-20 15:20:48\')', 0)
 2 SYSTEMPATH\Database\BaseConnection.php(692): CodeIgniter\Database\MySQLi\Connection->execute('INSERT INTO `transaksi_detail` (`id_transaksi`, `id_barang`, `jumlah`, `diskon`, `subtotal_harga`, `created_by`, `created_date`) VALUES (1, \'54\', 1, 0, 12800000, \'user\', \'2023-06-20 15:20:48\')')
 3 SYSTEMPATH\Database\BaseConnection.php(606): CodeIgniter\Database\BaseConnection->simpleQuery('INSERT INTO `transaksi_detail` (`id_transaksi`, `id_barang`, `jumlah`, `diskon`, `subtotal_harga`, `created_by`, `created_date`) VALUES (1, \'54\', 1, 0, 12800000, \'user\', \'2023-06-20 15:20:48\')')
 4 SYSTEMPATH\Database\BaseBuilder.php(2309): CodeIgniter\Database\BaseConnection->query('INSERT INTO `transaksi_detail` (`id_transaksi`, `id_barang`, `jumlah`, `diskon`, `subtotal_harga`, `created_by`, `created_date`) VALUES (:id_transaksi:, :id_barang:, :jumlah:, :diskon:, :subtotal_harga:, :created_by:, :created_date:)', [...], false)
 5 SYSTEMPATH\Model.php(330): CodeIgniter\Database\BaseBuilder->insert()
 6 SYSTEMPATH\BaseModel.php(782): CodeIgniter\Model->doInsert([...])
 7 SYSTEMPATH\Model.php(730): CodeIgniter\BaseModel->insert([...], true)
 8 APPPATH\Controllers\TransaksiController.php(198): CodeIgniter\Model->insert([...])
 9 SYSTEMPATH\CodeIgniter.php(934): App\Controllers\TransaksiController->buy()
10 SYSTEMPATH\CodeIgniter.php(499): CodeIgniter\CodeIgniter->runController(Object(App\Controllers\TransaksiController))
11 SYSTEMPATH\CodeIgniter.php(368): CodeIgniter\CodeIgniter->handleRequest(null, Object(Config\Cache), false)
12 FCPATH\index.php(67): CodeIgniter\CodeIgniter->run()
INFO - 2023-06-20 15:25:26 --> Session: Class initialized using 'CodeIgniter\Session\Handlers\FileHandler' driver.
INFO - 2023-06-20 15:25:26 --> Cart Class Initialized
INFO - 2023-06-20 15:25:26 --> Session: Class initialized using 'CodeIgniter\Session\Handlers\FileHandler' driver.
INFO - 2023-06-20 15:25:26 --> Cart Class Initialized
