CRITICAL - 2023-06-02 08:37:31 --> Undefined variable $produks
in APPPATH\Views\v_produk.php on line 17.
 1 APPPATH\Views\v_produk.php(17): CodeIgniter\Debug\Exceptions->errorHandler(2, 'Undefined variable $produks', 'D:\\XAMPP\\htdocs\\ci4\\app\\Views\\v_produk.php', 17)
 2 SYSTEMPATH\View\View.php(213): include('D:\\XAMPP\\htdocs\\ci4\\app\\Views\\v_produk.php')
 3 SYSTEMPATH\View\View.php(216): CodeIgniter\View\View->CodeIgniter\View\{closure}()
 4 SYSTEMPATH\Common.php(1184): CodeIgniter\View\View->render('v_produk', [], true)
 5 APPPATH\Controllers\Produk.php(9): view('v_produk')
 6 SYSTEMPATH\CodeIgniter.php(934): App\Controllers\Produk->produk()
 7 SYSTEMPATH\CodeIgniter.php(499): CodeIgniter\CodeIgniter->runController(Object(App\Controllers\Produk))
 8 SYSTEMPATH\CodeIgniter.php(368): CodeIgniter\CodeIgniter->handleRequest(null, Object(Config\Cache), false)
 9 FCPATH\index.php(67): CodeIgniter\CodeIgniter->run()
CRITICAL - 2023-06-02 08:55:04 --> Undefined variable $produks
in APPPATH\Views\v_produk.php on line 17.
 1 APPPATH\Views\v_produk.php(17): CodeIgniter\Debug\Exceptions->errorHandler(2, 'Undefined variable $produks', 'D:\\XAMPP\\htdocs\\ci4\\app\\Views\\v_produk.php', 17)
 2 SYSTEMPATH\View\View.php(213): include('D:\\XAMPP\\htdocs\\ci4\\app\\Views\\v_produk.php')
 3 SYSTEMPATH\View\View.php(216): CodeIgniter\View\View->CodeIgniter\View\{closure}()
 4 SYSTEMPATH\Common.php(1184): CodeIgniter\View\View->render('v_produk', [], true)
 5 APPPATH\Controllers\Produk.php(9): view('v_produk')
 6 SYSTEMPATH\CodeIgniter.php(934): App\Controllers\Produk->produk()
 7 SYSTEMPATH\CodeIgniter.php(499): CodeIgniter\CodeIgniter->runController(Object(App\Controllers\Produk))
 8 SYSTEMPATH\CodeIgniter.php(368): CodeIgniter\CodeIgniter->handleRequest(null, Object(Config\Cache), false)
 9 FCPATH\index.php(67): CodeIgniter\CodeIgniter->run()
CRITICAL - 2023-06-02 09:00:36 --> Undefined variable $produks
in APPPATH\Views\v_produk.php on line 6.
 1 APPPATH\Views\v_produk.php(6): CodeIgniter\Debug\Exceptions->errorHandler(2, 'Undefined variable $produks', 'D:\\XAMPP\\htdocs\\ci4\\app\\Views\\v_produk.php', 6)
 2 SYSTEMPATH\View\View.php(213): include('D:\\XAMPP\\htdocs\\ci4\\app\\Views\\v_produk.php')
 3 SYSTEMPATH\View\View.php(216): CodeIgniter\View\View->CodeIgniter\View\{closure}()
 4 SYSTEMPATH\Common.php(1184): CodeIgniter\View\View->render('v_produk', [], true)
 5 APPPATH\Controllers\Produk.php(9): view('v_produk')
 6 SYSTEMPATH\CodeIgniter.php(934): App\Controllers\Produk->produk()
 7 SYSTEMPATH\CodeIgniter.php(499): CodeIgniter\CodeIgniter->runController(Object(App\Controllers\Produk))
 8 SYSTEMPATH\CodeIgniter.php(368): CodeIgniter\CodeIgniter->handleRequest(null, Object(Config\Cache), false)
 9 FCPATH\index.php(67): CodeIgniter\CodeIgniter->run()
CRITICAL - 2023-06-02 09:00:37 --> Undefined variable $produks
in APPPATH\Views\v_produk.php on line 6.
 1 APPPATH\Views\v_produk.php(6): CodeIgniter\Debug\Exceptions->errorHandler(2, 'Undefined variable $produks', 'D:\\XAMPP\\htdocs\\ci4\\app\\Views\\v_produk.php', 6)
 2 SYSTEMPATH\View\View.php(213): include('D:\\XAMPP\\htdocs\\ci4\\app\\Views\\v_produk.php')
 3 SYSTEMPATH\View\View.php(216): CodeIgniter\View\View->CodeIgniter\View\{closure}()
 4 SYSTEMPATH\Common.php(1184): CodeIgniter\View\View->render('v_produk', [], true)
 5 APPPATH\Controllers\Produk.php(9): view('v_produk')
 6 SYSTEMPATH\CodeIgniter.php(934): App\Controllers\Produk->produk()
 7 SYSTEMPATH\CodeIgniter.php(499): CodeIgniter\CodeIgniter->runController(Object(App\Controllers\Produk))
 8 SYSTEMPATH\CodeIgniter.php(368): CodeIgniter\CodeIgniter->handleRequest(null, Object(Config\Cache), false)
 9 FCPATH\index.php(67): CodeIgniter\CodeIgniter->run()
CRITICAL - 2023-06-02 09:00:38 --> Undefined variable $produks
in APPPATH\Views\v_produk.php on line 6.
 1 APPPATH\Views\v_produk.php(6): CodeIgniter\Debug\Exceptions->errorHandler(2, 'Undefined variable $produks', 'D:\\XAMPP\\htdocs\\ci4\\app\\Views\\v_produk.php', 6)
 2 SYSTEMPATH\View\View.php(213): include('D:\\XAMPP\\htdocs\\ci4\\app\\Views\\v_produk.php')
 3 SYSTEMPATH\View\View.php(216): CodeIgniter\View\View->CodeIgniter\View\{closure}()
 4 SYSTEMPATH\Common.php(1184): CodeIgniter\View\View->render('v_produk', [], true)
 5 APPPATH\Controllers\Produk.php(9): view('v_produk')
 6 SYSTEMPATH\CodeIgniter.php(934): App\Controllers\Produk->produk()
 7 SYSTEMPATH\CodeIgniter.php(499): CodeIgniter\CodeIgniter->runController(Object(App\Controllers\Produk))
 8 SYSTEMPATH\CodeIgniter.php(368): CodeIgniter\CodeIgniter->handleRequest(null, Object(Config\Cache), false)
 9 FCPATH\index.php(67): CodeIgniter\CodeIgniter->run()
CRITICAL - 2023-06-02 09:00:38 --> Undefined variable $produks
in APPPATH\Views\v_produk.php on line 6.
 1 APPPATH\Views\v_produk.php(6): CodeIgniter\Debug\Exceptions->errorHandler(2, 'Undefined variable $produks', 'D:\\XAMPP\\htdocs\\ci4\\app\\Views\\v_produk.php', 6)
 2 SYSTEMPATH\View\View.php(213): include('D:\\XAMPP\\htdocs\\ci4\\app\\Views\\v_produk.php')
 3 SYSTEMPATH\View\View.php(216): CodeIgniter\View\View->CodeIgniter\View\{closure}()
 4 SYSTEMPATH\Common.php(1184): CodeIgniter\View\View->render('v_produk', [], true)
 5 APPPATH\Controllers\Produk.php(9): view('v_produk')
 6 SYSTEMPATH\CodeIgniter.php(934): App\Controllers\Produk->produk()
 7 SYSTEMPATH\CodeIgniter.php(499): CodeIgniter\CodeIgniter->runController(Object(App\Controllers\Produk))
 8 SYSTEMPATH\CodeIgniter.php(368): CodeIgniter\CodeIgniter->handleRequest(null, Object(Config\Cache), false)
 9 FCPATH\index.php(67): CodeIgniter\CodeIgniter->run()
CRITICAL - 2023-06-02 09:02:20 --> Undefined variable $produks
in APPPATH\Views\v_produk.php on line 6.
 1 APPPATH\Views\v_produk.php(6): CodeIgniter\Debug\Exceptions->errorHandler(2, 'Undefined variable $produks', 'D:\\XAMPP\\htdocs\\ci4\\app\\Views\\v_produk.php', 6)
 2 SYSTEMPATH\View\View.php(213): include('D:\\XAMPP\\htdocs\\ci4\\app\\Views\\v_produk.php')
 3 SYSTEMPATH\View\View.php(216): CodeIgniter\View\View->CodeIgniter\View\{closure}()
 4 SYSTEMPATH\Common.php(1184): CodeIgniter\View\View->render('v_produk', [], true)
 5 APPPATH\Controllers\Produk.php(9): view('v_produk')
 6 SYSTEMPATH\CodeIgniter.php(934): App\Controllers\Produk->produk()
 7 SYSTEMPATH\CodeIgniter.php(499): CodeIgniter\CodeIgniter->runController(Object(App\Controllers\Produk))
 8 SYSTEMPATH\CodeIgniter.php(368): CodeIgniter\CodeIgniter->handleRequest(null, Object(Config\Cache), false)
 9 FCPATH\index.php(67): CodeIgniter\CodeIgniter->run()
CRITICAL - 2023-06-02 09:02:21 --> Undefined variable $produks
in APPPATH\Views\v_produk.php on line 6.
 1 APPPATH\Views\v_produk.php(6): CodeIgniter\Debug\Exceptions->errorHandler(2, 'Undefined variable $produks', 'D:\\XAMPP\\htdocs\\ci4\\app\\Views\\v_produk.php', 6)
 2 SYSTEMPATH\View\View.php(213): include('D:\\XAMPP\\htdocs\\ci4\\app\\Views\\v_produk.php')
 3 SYSTEMPATH\View\View.php(216): CodeIgniter\View\View->CodeIgniter\View\{closure}()
 4 SYSTEMPATH\Common.php(1184): CodeIgniter\View\View->render('v_produk', [], true)
 5 APPPATH\Controllers\Produk.php(9): view('v_produk')
 6 SYSTEMPATH\CodeIgniter.php(934): App\Controllers\Produk->produk()
 7 SYSTEMPATH\CodeIgniter.php(499): CodeIgniter\CodeIgniter->runController(Object(App\Controllers\Produk))
 8 SYSTEMPATH\CodeIgniter.php(368): CodeIgniter\CodeIgniter->handleRequest(null, Object(Config\Cache), false)
 9 FCPATH\index.php(67): CodeIgniter\CodeIgniter->run()
CRITICAL - 2023-06-02 09:02:21 --> Undefined variable $produks
in APPPATH\Views\v_produk.php on line 6.
 1 APPPATH\Views\v_produk.php(6): CodeIgniter\Debug\Exceptions->errorHandler(2, 'Undefined variable $produks', 'D:\\XAMPP\\htdocs\\ci4\\app\\Views\\v_produk.php', 6)
 2 SYSTEMPATH\View\View.php(213): include('D:\\XAMPP\\htdocs\\ci4\\app\\Views\\v_produk.php')
 3 SYSTEMPATH\View\View.php(216): CodeIgniter\View\View->CodeIgniter\View\{closure}()
 4 SYSTEMPATH\Common.php(1184): CodeIgniter\View\View->render('v_produk', [], true)
 5 APPPATH\Controllers\Produk.php(9): view('v_produk')
 6 SYSTEMPATH\CodeIgniter.php(934): App\Controllers\Produk->produk()
 7 SYSTEMPATH\CodeIgniter.php(499): CodeIgniter\CodeIgniter->runController(Object(App\Controllers\Produk))
 8 SYSTEMPATH\CodeIgniter.php(368): CodeIgniter\CodeIgniter->handleRequest(null, Object(Config\Cache), false)
 9 FCPATH\index.php(67): CodeIgniter\CodeIgniter->run()
CRITICAL - 2023-06-02 09:02:22 --> Undefined variable $produks
in APPPATH\Views\v_produk.php on line 6.
 1 APPPATH\Views\v_produk.php(6): CodeIgniter\Debug\Exceptions->errorHandler(2, 'Undefined variable $produks', 'D:\\XAMPP\\htdocs\\ci4\\app\\Views\\v_produk.php', 6)
 2 SYSTEMPATH\View\View.php(213): include('D:\\XAMPP\\htdocs\\ci4\\app\\Views\\v_produk.php')
 3 SYSTEMPATH\View\View.php(216): CodeIgniter\View\View->CodeIgniter\View\{closure}()
 4 SYSTEMPATH\Common.php(1184): CodeIgniter\View\View->render('v_produk', [], true)
 5 APPPATH\Controllers\Produk.php(9): view('v_produk')
 6 SYSTEMPATH\CodeIgniter.php(934): App\Controllers\Produk->produk()
 7 SYSTEMPATH\CodeIgniter.php(499): CodeIgniter\CodeIgniter->runController(Object(App\Controllers\Produk))
 8 SYSTEMPATH\CodeIgniter.php(368): CodeIgniter\CodeIgniter->handleRequest(null, Object(Config\Cache), false)
 9 FCPATH\index.php(67): CodeIgniter\CodeIgniter->run()
CRITICAL - 2023-06-02 09:06:56 --> Undefined variable $produks
in APPPATH\Views\v_produk.php on line 17.
 1 APPPATH\Views\v_produk.php(17): CodeIgniter\Debug\Exceptions->errorHandler(2, 'Undefined variable $produks', 'D:\\XAMPP\\htdocs\\ci4\\app\\Views\\v_produk.php', 17)
 2 SYSTEMPATH\View\View.php(213): include('D:\\XAMPP\\htdocs\\ci4\\app\\Views\\v_produk.php')
 3 SYSTEMPATH\View\View.php(216): CodeIgniter\View\View->CodeIgniter\View\{closure}()
 4 SYSTEMPATH\Common.php(1184): CodeIgniter\View\View->render('v_produk', [], true)
 5 APPPATH\Controllers\Produk.php(9): view('v_produk')
 6 SYSTEMPATH\CodeIgniter.php(934): App\Controllers\Produk->produk()
 7 SYSTEMPATH\CodeIgniter.php(499): CodeIgniter\CodeIgniter->runController(Object(App\Controllers\Produk))
 8 SYSTEMPATH\CodeIgniter.php(368): CodeIgniter\CodeIgniter->handleRequest(null, Object(Config\Cache), false)
 9 FCPATH\index.php(67): CodeIgniter\CodeIgniter->run()
CRITICAL - 2023-06-02 09:10:08 --> Undefined variable $produks
in APPPATH\Views\v_produk.php on line 17.
 1 APPPATH\Views\v_produk.php(17): CodeIgniter\Debug\Exceptions->errorHandler(2, 'Undefined variable $produks', 'D:\\XAMPP\\htdocs\\ci4\\app\\Views\\v_produk.php', 17)
 2 SYSTEMPATH\View\View.php(213): include('D:\\XAMPP\\htdocs\\ci4\\app\\Views\\v_produk.php')
 3 SYSTEMPATH\View\View.php(216): CodeIgniter\View\View->CodeIgniter\View\{closure}()
 4 SYSTEMPATH\Common.php(1184): CodeIgniter\View\View->render('v_produk', [], true)
 5 APPPATH\Controllers\Produk.php(9): view('v_produk')
 6 SYSTEMPATH\CodeIgniter.php(934): App\Controllers\Produk->produk()
 7 SYSTEMPATH\CodeIgniter.php(499): CodeIgniter\CodeIgniter->runController(Object(App\Controllers\Produk))
 8 SYSTEMPATH\CodeIgniter.php(368): CodeIgniter\CodeIgniter->handleRequest(null, Object(Config\Cache), false)
 9 FCPATH\index.php(67): CodeIgniter\CodeIgniter->run()
CRITICAL - 2023-06-02 09:10:10 --> Undefined variable $produks
in APPPATH\Views\v_produk.php on line 17.
 1 APPPATH\Views\v_produk.php(17): CodeIgniter\Debug\Exceptions->errorHandler(2, 'Undefined variable $produks', 'D:\\XAMPP\\htdocs\\ci4\\app\\Views\\v_produk.php', 17)
 2 SYSTEMPATH\View\View.php(213): include('D:\\XAMPP\\htdocs\\ci4\\app\\Views\\v_produk.php')
 3 SYSTEMPATH\View\View.php(216): CodeIgniter\View\View->CodeIgniter\View\{closure}()
 4 SYSTEMPATH\Common.php(1184): CodeIgniter\View\View->render('v_produk', [], true)
 5 APPPATH\Controllers\Produk.php(9): view('v_produk')
 6 SYSTEMPATH\CodeIgniter.php(934): App\Controllers\Produk->produk()
 7 SYSTEMPATH\CodeIgniter.php(499): CodeIgniter\CodeIgniter->runController(Object(App\Controllers\Produk))
 8 SYSTEMPATH\CodeIgniter.php(368): CodeIgniter\CodeIgniter->handleRequest(null, Object(Config\Cache), false)
 9 FCPATH\index.php(67): CodeIgniter\CodeIgniter->run()
CRITICAL - 2023-06-02 09:10:10 --> Undefined variable $produks
in APPPATH\Views\v_produk.php on line 17.
 1 APPPATH\Views\v_produk.php(17): CodeIgniter\Debug\Exceptions->errorHandler(2, 'Undefined variable $produks', 'D:\\XAMPP\\htdocs\\ci4\\app\\Views\\v_produk.php', 17)
 2 SYSTEMPATH\View\View.php(213): include('D:\\XAMPP\\htdocs\\ci4\\app\\Views\\v_produk.php')
 3 SYSTEMPATH\View\View.php(216): CodeIgniter\View\View->CodeIgniter\View\{closure}()
 4 SYSTEMPATH\Common.php(1184): CodeIgniter\View\View->render('v_produk', [], true)
 5 APPPATH\Controllers\Produk.php(9): view('v_produk')
 6 SYSTEMPATH\CodeIgniter.php(934): App\Controllers\Produk->produk()
 7 SYSTEMPATH\CodeIgniter.php(499): CodeIgniter\CodeIgniter->runController(Object(App\Controllers\Produk))
 8 SYSTEMPATH\CodeIgniter.php(368): CodeIgniter\CodeIgniter->handleRequest(null, Object(Config\Cache), false)
 9 FCPATH\index.php(67): CodeIgniter\CodeIgniter->run()
CRITICAL - 2023-06-02 09:10:10 --> Undefined variable $produks
in APPPATH\Views\v_produk.php on line 17.
 1 APPPATH\Views\v_produk.php(17): CodeIgniter\Debug\Exceptions->errorHandler(2, 'Undefined variable $produks', 'D:\\XAMPP\\htdocs\\ci4\\app\\Views\\v_produk.php', 17)
 2 SYSTEMPATH\View\View.php(213): include('D:\\XAMPP\\htdocs\\ci4\\app\\Views\\v_produk.php')
 3 SYSTEMPATH\View\View.php(216): CodeIgniter\View\View->CodeIgniter\View\{closure}()
 4 SYSTEMPATH\Common.php(1184): CodeIgniter\View\View->render('v_produk', [], true)
 5 APPPATH\Controllers\Produk.php(9): view('v_produk')
 6 SYSTEMPATH\CodeIgniter.php(934): App\Controllers\Produk->produk()
 7 SYSTEMPATH\CodeIgniter.php(499): CodeIgniter\CodeIgniter->runController(Object(App\Controllers\Produk))
 8 SYSTEMPATH\CodeIgniter.php(368): CodeIgniter\CodeIgniter->handleRequest(null, Object(Config\Cache), false)
 9 FCPATH\index.php(67): CodeIgniter\CodeIgniter->run()
CRITICAL - 2023-06-02 09:11:21 --> Undefined variable $produks
in APPPATH\Views\v_produk.php on line 17.
 1 APPPATH\Views\v_produk.php(17): CodeIgniter\Debug\Exceptions->errorHandler(2, 'Undefined variable $produks', 'D:\\XAMPP\\htdocs\\ci4\\app\\Views\\v_produk.php', 17)
 2 SYSTEMPATH\View\View.php(213): include('D:\\XAMPP\\htdocs\\ci4\\app\\Views\\v_produk.php')
 3 SYSTEMPATH\View\View.php(216): CodeIgniter\View\View->CodeIgniter\View\{closure}()
 4 SYSTEMPATH\Common.php(1184): CodeIgniter\View\View->render('v_produk', [], true)
 5 APPPATH\Controllers\Produk.php(9): view('v_produk')
 6 SYSTEMPATH\CodeIgniter.php(934): App\Controllers\Produk->produk()
 7 SYSTEMPATH\CodeIgniter.php(499): CodeIgniter\CodeIgniter->runController(Object(App\Controllers\Produk))
 8 SYSTEMPATH\CodeIgniter.php(368): CodeIgniter\CodeIgniter->handleRequest(null, Object(Config\Cache), false)
 9 FCPATH\index.php(67): CodeIgniter\CodeIgniter->run()
CRITICAL - 2023-06-02 11:47:03 --> Undefined variable $produks
in APPPATH\Views\v_produk.php on line 17.
 1 APPPATH\Views\v_produk.php(17): CodeIgniter\Debug\Exceptions->errorHandler(2, 'Undefined variable $produks', 'D:\\XAMPP\\htdocs\\ci4\\app\\Views\\v_produk.php', 17)
 2 SYSTEMPATH\View\View.php(213): include('D:\\XAMPP\\htdocs\\ci4\\app\\Views\\v_produk.php')
 3 SYSTEMPATH\View\View.php(216): CodeIgniter\View\View->CodeIgniter\View\{closure}()
 4 SYSTEMPATH\Common.php(1184): CodeIgniter\View\View->render('v_produk', [], true)
 5 APPPATH\Controllers\Produk.php(9): view('v_produk')
 6 SYSTEMPATH\CodeIgniter.php(934): App\Controllers\Produk->produk()
 7 SYSTEMPATH\CodeIgniter.php(499): CodeIgniter\CodeIgniter->runController(Object(App\Controllers\Produk))
 8 SYSTEMPATH\CodeIgniter.php(368): CodeIgniter\CodeIgniter->handleRequest(null, Object(Config\Cache), false)
 9 FCPATH\index.php(67): CodeIgniter\CodeIgniter->run()
CRITICAL - 2023-06-02 11:47:04 --> Undefined variable $produks
in APPPATH\Views\v_produk.php on line 17.
 1 APPPATH\Views\v_produk.php(17): CodeIgniter\Debug\Exceptions->errorHandler(2, 'Undefined variable $produks', 'D:\\XAMPP\\htdocs\\ci4\\app\\Views\\v_produk.php', 17)
 2 SYSTEMPATH\View\View.php(213): include('D:\\XAMPP\\htdocs\\ci4\\app\\Views\\v_produk.php')
 3 SYSTEMPATH\View\View.php(216): CodeIgniter\View\View->CodeIgniter\View\{closure}()
 4 SYSTEMPATH\Common.php(1184): CodeIgniter\View\View->render('v_produk', [], true)
 5 APPPATH\Controllers\Produk.php(9): view('v_produk')
 6 SYSTEMPATH\CodeIgniter.php(934): App\Controllers\Produk->produk()
 7 SYSTEMPATH\CodeIgniter.php(499): CodeIgniter\CodeIgniter->runController(Object(App\Controllers\Produk))
 8 SYSTEMPATH\CodeIgniter.php(368): CodeIgniter\CodeIgniter->handleRequest(null, Object(Config\Cache), false)
 9 FCPATH\index.php(67): CodeIgniter\CodeIgniter->run()
CRITICAL - 2023-06-02 11:47:04 --> Undefined variable $produks
in APPPATH\Views\v_produk.php on line 17.
 1 APPPATH\Views\v_produk.php(17): CodeIgniter\Debug\Exceptions->errorHandler(2, 'Undefined variable $produks', 'D:\\XAMPP\\htdocs\\ci4\\app\\Views\\v_produk.php', 17)
 2 SYSTEMPATH\View\View.php(213): include('D:\\XAMPP\\htdocs\\ci4\\app\\Views\\v_produk.php')
 3 SYSTEMPATH\View\View.php(216): CodeIgniter\View\View->CodeIgniter\View\{closure}()
 4 SYSTEMPATH\Common.php(1184): CodeIgniter\View\View->render('v_produk', [], true)
 5 APPPATH\Controllers\Produk.php(9): view('v_produk')
 6 SYSTEMPATH\CodeIgniter.php(934): App\Controllers\Produk->produk()
 7 SYSTEMPATH\CodeIgniter.php(499): CodeIgniter\CodeIgniter->runController(Object(App\Controllers\Produk))
 8 SYSTEMPATH\CodeIgniter.php(368): CodeIgniter\CodeIgniter->handleRequest(null, Object(Config\Cache), false)
 9 FCPATH\index.php(67): CodeIgniter\CodeIgniter->run()
CRITICAL - 2023-06-02 11:47:04 --> Undefined variable $produks
in APPPATH\Views\v_produk.php on line 17.
 1 APPPATH\Views\v_produk.php(17): CodeIgniter\Debug\Exceptions->errorHandler(2, 'Undefined variable $produks', 'D:\\XAMPP\\htdocs\\ci4\\app\\Views\\v_produk.php', 17)
 2 SYSTEMPATH\View\View.php(213): include('D:\\XAMPP\\htdocs\\ci4\\app\\Views\\v_produk.php')
 3 SYSTEMPATH\View\View.php(216): CodeIgniter\View\View->CodeIgniter\View\{closure}()
 4 SYSTEMPATH\Common.php(1184): CodeIgniter\View\View->render('v_produk', [], true)
 5 APPPATH\Controllers\Produk.php(9): view('v_produk')
 6 SYSTEMPATH\CodeIgniter.php(934): App\Controllers\Produk->produk()
 7 SYSTEMPATH\CodeIgniter.php(499): CodeIgniter\CodeIgniter->runController(Object(App\Controllers\Produk))
 8 SYSTEMPATH\CodeIgniter.php(368): CodeIgniter\CodeIgniter->handleRequest(null, Object(Config\Cache), false)
 9 FCPATH\index.php(67): CodeIgniter\CodeIgniter->run()
CRITICAL - 2023-06-02 11:47:04 --> Undefined variable $produks
in APPPATH\Views\v_produk.php on line 17.
 1 APPPATH\Views\v_produk.php(17): CodeIgniter\Debug\Exceptions->errorHandler(2, 'Undefined variable $produks', 'D:\\XAMPP\\htdocs\\ci4\\app\\Views\\v_produk.php', 17)
 2 SYSTEMPATH\View\View.php(213): include('D:\\XAMPP\\htdocs\\ci4\\app\\Views\\v_produk.php')
 3 SYSTEMPATH\View\View.php(216): CodeIgniter\View\View->CodeIgniter\View\{closure}()
 4 SYSTEMPATH\Common.php(1184): CodeIgniter\View\View->render('v_produk', [], true)
 5 APPPATH\Controllers\Produk.php(9): view('v_produk')
 6 SYSTEMPATH\CodeIgniter.php(934): App\Controllers\Produk->produk()
 7 SYSTEMPATH\CodeIgniter.php(499): CodeIgniter\CodeIgniter->runController(Object(App\Controllers\Produk))
 8 SYSTEMPATH\CodeIgniter.php(368): CodeIgniter\CodeIgniter->handleRequest(null, Object(Config\Cache), false)
 9 FCPATH\index.php(67): CodeIgniter\CodeIgniter->run()
