CRITICAL - 2023-06-01 04:59:43 --> Undefined variable $produks
in APPPATH\Views\v_produk.php on line 17.
 1 APPPATH\Views\v_produk.php(17): CodeIgniter\Debug\Exceptions->errorHandler(2, 'Undefined variable $produks', 'D:\\XAMPP\\htdocs\\ci4\\app\\Views\\v_produk.php', 17)
 2 SYSTEMPATH\View\View.php(213): include('D:\\XAMPP\\htdocs\\ci4\\app\\Views\\v_produk.php')
 3 SYSTEMPATH\View\View.php(216): CodeIgniter\View\View->CodeIgniter\View\{closure}()
 4 SYSTEMPATH\Common.php(1184): CodeIgniter\View\View->render('v_produk', [], true)
 5 APPPATH\Controllers\Produk.php(9): view('v_produk')
 6 SYSTEMPATH\CodeIgniter.php(934): App\Controllers\Produk->produk()
 7 SYSTEMPATH\CodeIgniter.php(499): CodeIgniter\CodeIgniter->runController(Object(App\Controllers\Produk))
 8 SYSTEMPATH\CodeIgniter.php(368): CodeIgniter\CodeIgniter->handleRequest(null, Object(Config\Cache), false)
 9 FCPATH\index.php(67): CodeIgniter\CodeIgniter->run()
CRITICAL - 2023-06-01 10:20:56 --> Undefined variable $produks
in APPPATH\Views\v_produk.php on line 17.
 1 APPPATH\Views\v_produk.php(17): CodeIgniter\Debug\Exceptions->errorHandler(2, 'Undefined variable $produks', 'D:\\XAMPP\\htdocs\\ci4\\app\\Views\\v_produk.php', 17)
 2 SYSTEMPATH\View\View.php(213): include('D:\\XAMPP\\htdocs\\ci4\\app\\Views\\v_produk.php')
 3 SYSTEMPATH\View\View.php(216): CodeIgniter\View\View->CodeIgniter\View\{closure}()
 4 SYSTEMPATH\Common.php(1184): CodeIgniter\View\View->render('v_produk', [], true)
 5 APPPATH\Controllers\Produk.php(9): view('v_produk')
 6 SYSTEMPATH\CodeIgniter.php(934): App\Controllers\Produk->produk()
 7 SYSTEMPATH\CodeIgniter.php(499): CodeIgniter\CodeIgniter->runController(Object(App\Controllers\Produk))
 8 SYSTEMPATH\CodeIgniter.php(368): CodeIgniter\CodeIgniter->handleRequest(null, Object(Config\Cache), false)
 9 FCPATH\index.php(67): CodeIgniter\CodeIgniter->run()
CRITICAL - 2023-06-01 10:21:06 --> Undefined variable $produks
in APPPATH\Views\v_produk.php on line 17.
 1 APPPATH\Views\v_produk.php(17): CodeIgniter\Debug\Exceptions->errorHandler(2, 'Undefined variable $produks', 'D:\\XAMPP\\htdocs\\ci4\\app\\Views\\v_produk.php', 17)
 2 SYSTEMPATH\View\View.php(213): include('D:\\XAMPP\\htdocs\\ci4\\app\\Views\\v_produk.php')
 3 SYSTEMPATH\View\View.php(216): CodeIgniter\View\View->CodeIgniter\View\{closure}()
 4 SYSTEMPATH\Common.php(1184): CodeIgniter\View\View->render('v_produk', [], true)
 5 APPPATH\Controllers\Produk.php(9): view('v_produk')
 6 SYSTEMPATH\CodeIgniter.php(934): App\Controllers\Produk->produk()
 7 SYSTEMPATH\CodeIgniter.php(499): CodeIgniter\CodeIgniter->runController(Object(App\Controllers\Produk))
 8 SYSTEMPATH\CodeIgniter.php(368): CodeIgniter\CodeIgniter->handleRequest(null, Object(Config\Cache), false)
 9 FCPATH\index.php(67): CodeIgniter\CodeIgniter->run()
CRITICAL - 2023-06-01 10:22:03 --> Undefined variable $produks
in APPPATH\Views\v_produk.php on line 16.
 1 APPPATH\Views\v_produk.php(16): CodeIgniter\Debug\Exceptions->errorHandler(2, 'Undefined variable $produks', 'D:\\XAMPP\\htdocs\\ci4\\app\\Views\\v_produk.php', 16)
 2 SYSTEMPATH\View\View.php(213): include('D:\\XAMPP\\htdocs\\ci4\\app\\Views\\v_produk.php')
 3 SYSTEMPATH\View\View.php(216): CodeIgniter\View\View->CodeIgniter\View\{closure}()
 4 SYSTEMPATH\Common.php(1184): CodeIgniter\View\View->render('v_produk', [], true)
 5 APPPATH\Controllers\Produk.php(9): view('v_produk')
 6 SYSTEMPATH\CodeIgniter.php(934): App\Controllers\Produk->produk()
 7 SYSTEMPATH\CodeIgniter.php(499): CodeIgniter\CodeIgniter->runController(Object(App\Controllers\Produk))
 8 SYSTEMPATH\CodeIgniter.php(368): CodeIgniter\CodeIgniter->handleRequest(null, Object(Config\Cache), false)
 9 FCPATH\index.php(67): CodeIgniter\CodeIgniter->run()
CRITICAL - 2023-06-01 10:30:20 --> Undefined variable $produks
in APPPATH\Views\v_produk.php on line 16.
 1 APPPATH\Views\v_produk.php(16): CodeIgniter\Debug\Exceptions->errorHandler(2, 'Undefined variable $produks', 'D:\\XAMPP\\htdocs\\ci4\\app\\Views\\v_produk.php', 16)
 2 SYSTEMPATH\View\View.php(213): include('D:\\XAMPP\\htdocs\\ci4\\app\\Views\\v_produk.php')
 3 SYSTEMPATH\View\View.php(216): CodeIgniter\View\View->CodeIgniter\View\{closure}()
 4 SYSTEMPATH\Common.php(1184): CodeIgniter\View\View->render('v_produk', [], true)
 5 APPPATH\Controllers\Produk.php(9): view('v_produk')
 6 SYSTEMPATH\CodeIgniter.php(934): App\Controllers\Produk->produk()
 7 SYSTEMPATH\CodeIgniter.php(499): CodeIgniter\CodeIgniter->runController(Object(App\Controllers\Produk))
 8 SYSTEMPATH\CodeIgniter.php(368): CodeIgniter\CodeIgniter->handleRequest(null, Object(Config\Cache), false)
 9 FCPATH\index.php(67): CodeIgniter\CodeIgniter->run()
CRITICAL - 2023-06-01 10:31:07 --> Undefined variable $produks
in APPPATH\Views\v_produk.php on line 16.
 1 APPPATH\Views\v_produk.php(16): CodeIgniter\Debug\Exceptions->errorHandler(2, 'Undefined variable $produks', 'D:\\XAMPP\\htdocs\\ci4\\app\\Views\\v_produk.php', 16)
 2 SYSTEMPATH\View\View.php(213): include('D:\\XAMPP\\htdocs\\ci4\\app\\Views\\v_produk.php')
 3 SYSTEMPATH\View\View.php(216): CodeIgniter\View\View->CodeIgniter\View\{closure}()
 4 SYSTEMPATH\Common.php(1184): CodeIgniter\View\View->render('v_produk', [], true)
 5 APPPATH\Controllers\Produk.php(9): view('v_produk')
 6 SYSTEMPATH\CodeIgniter.php(934): App\Controllers\Produk->produk()
 7 SYSTEMPATH\CodeIgniter.php(499): CodeIgniter\CodeIgniter->runController(Object(App\Controllers\Produk))
 8 SYSTEMPATH\CodeIgniter.php(368): CodeIgniter\CodeIgniter->handleRequest(null, Object(Config\Cache), false)
 9 FCPATH\index.php(67): CodeIgniter\CodeIgniter->run()
CRITICAL - 2023-06-01 10:33:28 --> Undefined variable $produks
in APPPATH\Views\v_produk.php on line 17.
 1 APPPATH\Views\v_produk.php(17): CodeIgniter\Debug\Exceptions->errorHandler(2, 'Undefined variable $produks', 'D:\\XAMPP\\htdocs\\ci4\\app\\Views\\v_produk.php', 17)
 2 SYSTEMPATH\View\View.php(213): include('D:\\XAMPP\\htdocs\\ci4\\app\\Views\\v_produk.php')
 3 SYSTEMPATH\View\View.php(216): CodeIgniter\View\View->CodeIgniter\View\{closure}()
 4 SYSTEMPATH\Common.php(1184): CodeIgniter\View\View->render('v_produk', [], true)
 5 APPPATH\Controllers\Produk.php(9): view('v_produk')
 6 SYSTEMPATH\CodeIgniter.php(934): App\Controllers\Produk->produk()
 7 SYSTEMPATH\CodeIgniter.php(499): CodeIgniter\CodeIgniter->runController(Object(App\Controllers\Produk))
 8 SYSTEMPATH\CodeIgniter.php(368): CodeIgniter\CodeIgniter->handleRequest(null, Object(Config\Cache), false)
 9 FCPATH\index.php(67): CodeIgniter\CodeIgniter->run()
CRITICAL - 2023-06-01 10:33:37 --> Undefined variable $produks
in APPPATH\Views\v_produk.php on line 16.
 1 APPPATH\Views\v_produk.php(16): CodeIgniter\Debug\Exceptions->errorHandler(2, 'Undefined variable $produks', 'D:\\XAMPP\\htdocs\\ci4\\app\\Views\\v_produk.php', 16)
 2 SYSTEMPATH\View\View.php(213): include('D:\\XAMPP\\htdocs\\ci4\\app\\Views\\v_produk.php')
 3 SYSTEMPATH\View\View.php(216): CodeIgniter\View\View->CodeIgniter\View\{closure}()
 4 SYSTEMPATH\Common.php(1184): CodeIgniter\View\View->render('v_produk', [], true)
 5 APPPATH\Controllers\Produk.php(9): view('v_produk')
 6 SYSTEMPATH\CodeIgniter.php(934): App\Controllers\Produk->produk()
 7 SYSTEMPATH\CodeIgniter.php(499): CodeIgniter\CodeIgniter->runController(Object(App\Controllers\Produk))
 8 SYSTEMPATH\CodeIgniter.php(368): CodeIgniter\CodeIgniter->handleRequest(null, Object(Config\Cache), false)
 9 FCPATH\index.php(67): CodeIgniter\CodeIgniter->run()
CRITICAL - 2023-06-01 10:34:59 --> Undefined variable $produks
in APPPATH\Views\v_produk.php on line 4.
 1 APPPATH\Views\v_produk.php(4): CodeIgniter\Debug\Exceptions->errorHandler(2, 'Undefined variable $produks', 'D:\\XAMPP\\htdocs\\ci4\\app\\Views\\v_produk.php', 4)
 2 SYSTEMPATH\View\View.php(213): include('D:\\XAMPP\\htdocs\\ci4\\app\\Views\\v_produk.php')
 3 SYSTEMPATH\View\View.php(216): CodeIgniter\View\View->CodeIgniter\View\{closure}()
 4 SYSTEMPATH\Common.php(1184): CodeIgniter\View\View->render('v_produk', [], true)
 5 APPPATH\Controllers\Produk.php(9): view('v_produk')
 6 SYSTEMPATH\CodeIgniter.php(934): App\Controllers\Produk->produk()
 7 SYSTEMPATH\CodeIgniter.php(499): CodeIgniter\CodeIgniter->runController(Object(App\Controllers\Produk))
 8 SYSTEMPATH\CodeIgniter.php(368): CodeIgniter\CodeIgniter->handleRequest(null, Object(Config\Cache), false)
 9 FCPATH\index.php(67): CodeIgniter\CodeIgniter->run()
CRITICAL - 2023-06-01 10:37:13 --> Undefined variable $produks
in APPPATH\Views\v_produk.php on line 4.
 1 APPPATH\Views\v_produk.php(4): CodeIgniter\Debug\Exceptions->errorHandler(2, 'Undefined variable $produks', 'D:\\XAMPP\\htdocs\\ci4\\app\\Views\\v_produk.php', 4)
 2 SYSTEMPATH\View\View.php(213): include('D:\\XAMPP\\htdocs\\ci4\\app\\Views\\v_produk.php')
 3 SYSTEMPATH\View\View.php(216): CodeIgniter\View\View->CodeIgniter\View\{closure}()
 4 SYSTEMPATH\Common.php(1184): CodeIgniter\View\View->render('v_produk', [], true)
 5 APPPATH\Controllers\Produk.php(9): view('v_produk')
 6 SYSTEMPATH\CodeIgniter.php(934): App\Controllers\Produk->produk()
 7 SYSTEMPATH\CodeIgniter.php(499): CodeIgniter\CodeIgniter->runController(Object(App\Controllers\Produk))
 8 SYSTEMPATH\CodeIgniter.php(368): CodeIgniter\CodeIgniter->handleRequest(null, Object(Config\Cache), false)
 9 FCPATH\index.php(67): CodeIgniter\CodeIgniter->run()
CRITICAL - 2023-06-01 10:37:59 --> Undefined variable $produks
in APPPATH\Views\v_produk.php on line 4.
 1 APPPATH\Views\v_produk.php(4): CodeIgniter\Debug\Exceptions->errorHandler(2, 'Undefined variable $produks', 'D:\\XAMPP\\htdocs\\ci4\\app\\Views\\v_produk.php', 4)
 2 SYSTEMPATH\View\View.php(213): include('D:\\XAMPP\\htdocs\\ci4\\app\\Views\\v_produk.php')
 3 SYSTEMPATH\View\View.php(216): CodeIgniter\View\View->CodeIgniter\View\{closure}()
 4 SYSTEMPATH\Common.php(1184): CodeIgniter\View\View->render('v_produk', [], true)
 5 APPPATH\Controllers\Produk.php(9): view('v_produk')
 6 SYSTEMPATH\CodeIgniter.php(934): App\Controllers\Produk->produk()
 7 SYSTEMPATH\CodeIgniter.php(499): CodeIgniter\CodeIgniter->runController(Object(App\Controllers\Produk))
 8 SYSTEMPATH\CodeIgniter.php(368): CodeIgniter\CodeIgniter->handleRequest(null, Object(Config\Cache), false)
 9 FCPATH\index.php(67): CodeIgniter\CodeIgniter->run()
CRITICAL - 2023-06-01 10:38:21 --> Undefined variable $produks
in APPPATH\Views\v_produk.php on line 16.
 1 APPPATH\Views\v_produk.php(16): CodeIgniter\Debug\Exceptions->errorHandler(2, 'Undefined variable $produks', 'D:\\XAMPP\\htdocs\\ci4\\app\\Views\\v_produk.php', 16)
 2 SYSTEMPATH\View\View.php(213): include('D:\\XAMPP\\htdocs\\ci4\\app\\Views\\v_produk.php')
 3 SYSTEMPATH\View\View.php(216): CodeIgniter\View\View->CodeIgniter\View\{closure}()
 4 SYSTEMPATH\Common.php(1184): CodeIgniter\View\View->render('v_produk', [], true)
 5 APPPATH\Controllers\Produk.php(9): view('v_produk')
 6 SYSTEMPATH\CodeIgniter.php(934): App\Controllers\Produk->produk()
 7 SYSTEMPATH\CodeIgniter.php(499): CodeIgniter\CodeIgniter->runController(Object(App\Controllers\Produk))
 8 SYSTEMPATH\CodeIgniter.php(368): CodeIgniter\CodeIgniter->handleRequest(null, Object(Config\Cache), false)
 9 FCPATH\index.php(67): CodeIgniter\CodeIgniter->run()
CRITICAL - 2023-06-01 10:39:08 --> Undefined variable $produks
in APPPATH\Views\v_produk.php on line 16.
 1 APPPATH\Views\v_produk.php(16): CodeIgniter\Debug\Exceptions->errorHandler(2, 'Undefined variable $produks', 'D:\\XAMPP\\htdocs\\ci4\\app\\Views\\v_produk.php', 16)
 2 SYSTEMPATH\View\View.php(213): include('D:\\XAMPP\\htdocs\\ci4\\app\\Views\\v_produk.php')
 3 SYSTEMPATH\View\View.php(216): CodeIgniter\View\View->CodeIgniter\View\{closure}()
 4 SYSTEMPATH\Common.php(1184): CodeIgniter\View\View->render('v_produk', [], true)
 5 APPPATH\Controllers\Produk.php(9): view('v_produk')
 6 SYSTEMPATH\CodeIgniter.php(934): App\Controllers\Produk->produk()
 7 SYSTEMPATH\CodeIgniter.php(499): CodeIgniter\CodeIgniter->runController(Object(App\Controllers\Produk))
 8 SYSTEMPATH\CodeIgniter.php(368): CodeIgniter\CodeIgniter->handleRequest(null, Object(Config\Cache), false)
 9 FCPATH\index.php(67): CodeIgniter\CodeIgniter->run()
CRITICAL - 2023-06-01 10:39:19 --> Undefined variable $produks
in APPPATH\Views\v_produk.php on line 16.
 1 APPPATH\Views\v_produk.php(16): CodeIgniter\Debug\Exceptions->errorHandler(2, 'Undefined variable $produks', 'D:\\XAMPP\\htdocs\\ci4\\app\\Views\\v_produk.php', 16)
 2 SYSTEMPATH\View\View.php(213): include('D:\\XAMPP\\htdocs\\ci4\\app\\Views\\v_produk.php')
 3 SYSTEMPATH\View\View.php(216): CodeIgniter\View\View->CodeIgniter\View\{closure}()
 4 SYSTEMPATH\Common.php(1184): CodeIgniter\View\View->render('v_produk', [], true)
 5 APPPATH\Controllers\Produk.php(9): view('v_produk')
 6 SYSTEMPATH\CodeIgniter.php(934): App\Controllers\Produk->produk()
 7 SYSTEMPATH\CodeIgniter.php(499): CodeIgniter\CodeIgniter->runController(Object(App\Controllers\Produk))
 8 SYSTEMPATH\CodeIgniter.php(368): CodeIgniter\CodeIgniter->handleRequest(null, Object(Config\Cache), false)
 9 FCPATH\index.php(67): CodeIgniter\CodeIgniter->run()
CRITICAL - 2023-06-01 10:44:18 --> Undefined variable $produks
in APPPATH\Views\v_produk.php on line 4.
 1 APPPATH\Views\v_produk.php(4): CodeIgniter\Debug\Exceptions->errorHandler(2, 'Undefined variable $produks', 'D:\\XAMPP\\htdocs\\ci4\\app\\Views\\v_produk.php', 4)
 2 SYSTEMPATH\View\View.php(213): include('D:\\XAMPP\\htdocs\\ci4\\app\\Views\\v_produk.php')
 3 SYSTEMPATH\View\View.php(216): CodeIgniter\View\View->CodeIgniter\View\{closure}()
 4 SYSTEMPATH\Common.php(1184): CodeIgniter\View\View->render('v_produk', [], true)
 5 APPPATH\Controllers\Produk.php(9): view('v_produk')
 6 SYSTEMPATH\CodeIgniter.php(934): App\Controllers\Produk->produk()
 7 SYSTEMPATH\CodeIgniter.php(499): CodeIgniter\CodeIgniter->runController(Object(App\Controllers\Produk))
 8 SYSTEMPATH\CodeIgniter.php(368): CodeIgniter\CodeIgniter->handleRequest(null, Object(Config\Cache), false)
 9 FCPATH\index.php(67): CodeIgniter\CodeIgniter->run()
CRITICAL - 2023-06-01 10:47:35 --> Undefined variable $produks
in APPPATH\Views\v_produk.php on line 16.
 1 APPPATH\Views\v_produk.php(16): CodeIgniter\Debug\Exceptions->errorHandler(2, 'Undefined variable $produks', 'D:\\XAMPP\\htdocs\\ci4\\app\\Views\\v_produk.php', 16)
 2 SYSTEMPATH\View\View.php(213): include('D:\\XAMPP\\htdocs\\ci4\\app\\Views\\v_produk.php')
 3 SYSTEMPATH\View\View.php(216): CodeIgniter\View\View->CodeIgniter\View\{closure}()
 4 SYSTEMPATH\Common.php(1184): CodeIgniter\View\View->render('v_produk', [], true)
 5 APPPATH\Controllers\Produk.php(9): view('v_produk')
 6 SYSTEMPATH\CodeIgniter.php(934): App\Controllers\Produk->produk()
 7 SYSTEMPATH\CodeIgniter.php(499): CodeIgniter\CodeIgniter->runController(Object(App\Controllers\Produk))
 8 SYSTEMPATH\CodeIgniter.php(368): CodeIgniter\CodeIgniter->handleRequest(null, Object(Config\Cache), false)
 9 FCPATH\index.php(67): CodeIgniter\CodeIgniter->run()
CRITICAL - 2023-06-01 10:54:26 --> Undefined variable $produks
in APPPATH\Views\v_produk.php on line 16.
 1 APPPATH\Views\v_produk.php(16): CodeIgniter\Debug\Exceptions->errorHandler(2, 'Undefined variable $produks', 'D:\\XAMPP\\htdocs\\ci4\\app\\Views\\v_produk.php', 16)
 2 SYSTEMPATH\View\View.php(213): include('D:\\XAMPP\\htdocs\\ci4\\app\\Views\\v_produk.php')
 3 SYSTEMPATH\View\View.php(216): CodeIgniter\View\View->CodeIgniter\View\{closure}()
 4 SYSTEMPATH\Common.php(1184): CodeIgniter\View\View->render('v_produk', [], true)
 5 APPPATH\Controllers\Produk.php(9): view('v_produk')
 6 SYSTEMPATH\CodeIgniter.php(934): App\Controllers\Produk->produk()
 7 SYSTEMPATH\CodeIgniter.php(499): CodeIgniter\CodeIgniter->runController(Object(App\Controllers\Produk))
 8 SYSTEMPATH\CodeIgniter.php(368): CodeIgniter\CodeIgniter->handleRequest(null, Object(Config\Cache), false)
 9 FCPATH\index.php(67): CodeIgniter\CodeIgniter->run()
CRITICAL - 2023-06-01 10:54:37 --> Undefined variable $produk
in APPPATH\Views\v_produk.php on line 16.
 1 APPPATH\Views\v_produk.php(16): CodeIgniter\Debug\Exceptions->errorHandler(2, 'Undefined variable $produk', 'D:\\XAMPP\\htdocs\\ci4\\app\\Views\\v_produk.php', 16)
 2 SYSTEMPATH\View\View.php(213): include('D:\\XAMPP\\htdocs\\ci4\\app\\Views\\v_produk.php')
 3 SYSTEMPATH\View\View.php(216): CodeIgniter\View\View->CodeIgniter\View\{closure}()
 4 SYSTEMPATH\Common.php(1184): CodeIgniter\View\View->render('v_produk', [], true)
 5 APPPATH\Controllers\Produk.php(9): view('v_produk')
 6 SYSTEMPATH\CodeIgniter.php(934): App\Controllers\Produk->produk()
 7 SYSTEMPATH\CodeIgniter.php(499): CodeIgniter\CodeIgniter->runController(Object(App\Controllers\Produk))
 8 SYSTEMPATH\CodeIgniter.php(368): CodeIgniter\CodeIgniter->handleRequest(null, Object(Config\Cache), false)
 9 FCPATH\index.php(67): CodeIgniter\CodeIgniter->run()
CRITICAL - 2023-06-01 10:55:09 --> Undefined variable $produks
in APPPATH\Views\v_produk.php on line 16.
 1 APPPATH\Views\v_produk.php(16): CodeIgniter\Debug\Exceptions->errorHandler(2, 'Undefined variable $produks', 'D:\\XAMPP\\htdocs\\ci4\\app\\Views\\v_produk.php', 16)
 2 SYSTEMPATH\View\View.php(213): include('D:\\XAMPP\\htdocs\\ci4\\app\\Views\\v_produk.php')
 3 SYSTEMPATH\View\View.php(216): CodeIgniter\View\View->CodeIgniter\View\{closure}()
 4 SYSTEMPATH\Common.php(1184): CodeIgniter\View\View->render('v_produk', [], true)
 5 APPPATH\Controllers\Produk.php(9): view('v_produk')
 6 SYSTEMPATH\CodeIgniter.php(934): App\Controllers\Produk->produk()
 7 SYSTEMPATH\CodeIgniter.php(499): CodeIgniter\CodeIgniter->runController(Object(App\Controllers\Produk))
 8 SYSTEMPATH\CodeIgniter.php(368): CodeIgniter\CodeIgniter->handleRequest(null, Object(Config\Cache), false)
 9 FCPATH\index.php(67): CodeIgniter\CodeIgniter->run()
CRITICAL - 2023-06-01 10:59:24 --> Undefined variable $produks
in APPPATH\Views\v_produk.php on line 16.
 1 APPPATH\Views\v_produk.php(16): CodeIgniter\Debug\Exceptions->errorHandler(2, 'Undefined variable $produks', 'D:\\XAMPP\\htdocs\\ci4\\app\\Views\\v_produk.php', 16)
 2 SYSTEMPATH\View\View.php(213): include('D:\\XAMPP\\htdocs\\ci4\\app\\Views\\v_produk.php')
 3 SYSTEMPATH\View\View.php(216): CodeIgniter\View\View->CodeIgniter\View\{closure}()
 4 SYSTEMPATH\Common.php(1184): CodeIgniter\View\View->render('v_produk', [], true)
 5 APPPATH\Controllers\Produk.php(9): view('v_produk')
 6 SYSTEMPATH\CodeIgniter.php(934): App\Controllers\Produk->produk()
 7 SYSTEMPATH\CodeIgniter.php(499): CodeIgniter\CodeIgniter->runController(Object(App\Controllers\Produk))
 8 SYSTEMPATH\CodeIgniter.php(368): CodeIgniter\CodeIgniter->handleRequest(null, Object(Config\Cache), false)
 9 FCPATH\index.php(67): CodeIgniter\CodeIgniter->run()
CRITICAL - 2023-06-01 12:13:28 --> Undefined variable $produks
in APPPATH\Views\v_produk.php on line 16.
 1 APPPATH\Views\v_produk.php(16): CodeIgniter\Debug\Exceptions->errorHandler(2, 'Undefined variable $produks', 'D:\\XAMPP\\htdocs\\ci4\\app\\Views\\v_produk.php', 16)
 2 SYSTEMPATH\View\View.php(213): include('D:\\XAMPP\\htdocs\\ci4\\app\\Views\\v_produk.php')
 3 SYSTEMPATH\View\View.php(216): CodeIgniter\View\View->CodeIgniter\View\{closure}()
 4 SYSTEMPATH\Common.php(1184): CodeIgniter\View\View->render('v_produk', [], true)
 5 APPPATH\Controllers\Produk.php(9): view('v_produk')
 6 SYSTEMPATH\CodeIgniter.php(934): App\Controllers\Produk->produk()
 7 SYSTEMPATH\CodeIgniter.php(499): CodeIgniter\CodeIgniter->runController(Object(App\Controllers\Produk))
 8 SYSTEMPATH\CodeIgniter.php(368): CodeIgniter\CodeIgniter->handleRequest(null, Object(Config\Cache), false)
 9 FCPATH\index.php(67): CodeIgniter\CodeIgniter->run()
CRITICAL - 2023-06-01 12:14:29 --> Undefined variable $produks
in APPPATH\Views\v_produk.php on line 17.
 1 APPPATH\Views\v_produk.php(17): CodeIgniter\Debug\Exceptions->errorHandler(2, 'Undefined variable $produks', 'D:\\XAMPP\\htdocs\\ci4\\app\\Views\\v_produk.php', 17)
 2 SYSTEMPATH\View\View.php(213): include('D:\\XAMPP\\htdocs\\ci4\\app\\Views\\v_produk.php')
 3 SYSTEMPATH\View\View.php(216): CodeIgniter\View\View->CodeIgniter\View\{closure}()
 4 SYSTEMPATH\Common.php(1184): CodeIgniter\View\View->render('v_produk', [], true)
 5 APPPATH\Controllers\Produk.php(9): view('v_produk')
 6 SYSTEMPATH\CodeIgniter.php(934): App\Controllers\Produk->produk()
 7 SYSTEMPATH\CodeIgniter.php(499): CodeIgniter\CodeIgniter->runController(Object(App\Controllers\Produk))
 8 SYSTEMPATH\CodeIgniter.php(368): CodeIgniter\CodeIgniter->handleRequest(null, Object(Config\Cache), false)
 9 FCPATH\index.php(67): CodeIgniter\CodeIgniter->run()
CRITICAL - 2023-06-01 12:14:39 --> Undefined variable $produks
in APPPATH\Views\v_produk.php on line 17.
 1 APPPATH\Views\v_produk.php(17): CodeIgniter\Debug\Exceptions->errorHandler(2, 'Undefined variable $produks', 'D:\\XAMPP\\htdocs\\ci4\\app\\Views\\v_produk.php', 17)
 2 SYSTEMPATH\View\View.php(213): include('D:\\XAMPP\\htdocs\\ci4\\app\\Views\\v_produk.php')
 3 SYSTEMPATH\View\View.php(216): CodeIgniter\View\View->CodeIgniter\View\{closure}()
 4 SYSTEMPATH\Common.php(1184): CodeIgniter\View\View->render('v_produk', [], true)
 5 APPPATH\Controllers\Produk.php(9): view('v_produk')
 6 SYSTEMPATH\CodeIgniter.php(934): App\Controllers\Produk->produk()
 7 SYSTEMPATH\CodeIgniter.php(499): CodeIgniter\CodeIgniter->runController(Object(App\Controllers\Produk))
 8 SYSTEMPATH\CodeIgniter.php(368): CodeIgniter\CodeIgniter->handleRequest(null, Object(Config\Cache), false)
 9 FCPATH\index.php(67): CodeIgniter\CodeIgniter->run()
CRITICAL - 2023-06-01 12:15:26 --> Undefined variable $produks
in APPPATH\Views\v_produk.php on line 2.
 1 APPPATH\Views\v_produk.php(2): CodeIgniter\Debug\Exceptions->errorHandler(2, 'Undefined variable $produks', 'D:\\XAMPP\\htdocs\\ci4\\app\\Views\\v_produk.php', 2)
 2 SYSTEMPATH\View\View.php(213): include('D:\\XAMPP\\htdocs\\ci4\\app\\Views\\v_produk.php')
 3 SYSTEMPATH\View\View.php(216): CodeIgniter\View\View->CodeIgniter\View\{closure}()
 4 SYSTEMPATH\Common.php(1184): CodeIgniter\View\View->render('v_produk', [], true)
 5 APPPATH\Controllers\Produk.php(9): view('v_produk')
 6 SYSTEMPATH\CodeIgniter.php(934): App\Controllers\Produk->produk()
 7 SYSTEMPATH\CodeIgniter.php(499): CodeIgniter\CodeIgniter->runController(Object(App\Controllers\Produk))
 8 SYSTEMPATH\CodeIgniter.php(368): CodeIgniter\CodeIgniter->handleRequest(null, Object(Config\Cache), false)
 9 FCPATH\index.php(67): CodeIgniter\CodeIgniter->run()
CRITICAL - 2023-06-01 12:20:24 --> Undefined variable $produks
in APPPATH\Views\v_produk.php on line 2.
 1 APPPATH\Views\v_produk.php(2): CodeIgniter\Debug\Exceptions->errorHandler(2, 'Undefined variable $produks', 'D:\\XAMPP\\htdocs\\ci4\\app\\Views\\v_produk.php', 2)
 2 SYSTEMPATH\View\View.php(213): include('D:\\XAMPP\\htdocs\\ci4\\app\\Views\\v_produk.php')
 3 SYSTEMPATH\View\View.php(216): CodeIgniter\View\View->CodeIgniter\View\{closure}()
 4 SYSTEMPATH\Common.php(1184): CodeIgniter\View\View->render('v_produk', [], true)
 5 APPPATH\Controllers\Produk.php(9): view('v_produk')
 6 SYSTEMPATH\CodeIgniter.php(934): App\Controllers\Produk->produk()
 7 SYSTEMPATH\CodeIgniter.php(499): CodeIgniter\CodeIgniter->runController(Object(App\Controllers\Produk))
 8 SYSTEMPATH\CodeIgniter.php(368): CodeIgniter\CodeIgniter->handleRequest(null, Object(Config\Cache), false)
 9 FCPATH\index.php(67): CodeIgniter\CodeIgniter->run()
CRITICAL - 2023-06-01 12:22:00 --> Undefined variable $produks
in APPPATH\Views\v_produk.php on line 17.
 1 APPPATH\Views\v_produk.php(17): CodeIgniter\Debug\Exceptions->errorHandler(2, 'Undefined variable $produks', 'D:\\XAMPP\\htdocs\\ci4\\app\\Views\\v_produk.php', 17)
 2 SYSTEMPATH\View\View.php(213): include('D:\\XAMPP\\htdocs\\ci4\\app\\Views\\v_produk.php')
 3 SYSTEMPATH\View\View.php(216): CodeIgniter\View\View->CodeIgniter\View\{closure}()
 4 SYSTEMPATH\Common.php(1184): CodeIgniter\View\View->render('v_produk', [], true)
 5 APPPATH\Controllers\Produk.php(9): view('v_produk')
 6 SYSTEMPATH\CodeIgniter.php(934): App\Controllers\Produk->produk()
 7 SYSTEMPATH\CodeIgniter.php(499): CodeIgniter\CodeIgniter->runController(Object(App\Controllers\Produk))
 8 SYSTEMPATH\CodeIgniter.php(368): CodeIgniter\CodeIgniter->handleRequest(null, Object(Config\Cache), false)
 9 FCPATH\index.php(67): CodeIgniter\CodeIgniter->run()
CRITICAL - 2023-06-01 12:22:58 --> Undefined variable $produks
in APPPATH\Views\v_produk.php on line 17.
 1 APPPATH\Views\v_produk.php(17): CodeIgniter\Debug\Exceptions->errorHandler(2, 'Undefined variable $produks', 'D:\\XAMPP\\htdocs\\ci4\\app\\Views\\v_produk.php', 17)
 2 SYSTEMPATH\View\View.php(213): include('D:\\XAMPP\\htdocs\\ci4\\app\\Views\\v_produk.php')
 3 SYSTEMPATH\View\View.php(216): CodeIgniter\View\View->CodeIgniter\View\{closure}()
 4 SYSTEMPATH\Common.php(1184): CodeIgniter\View\View->render('v_produk', [], true)
 5 APPPATH\Controllers\Produk.php(9): view('v_produk')
 6 SYSTEMPATH\CodeIgniter.php(934): App\Controllers\Produk->produk()
 7 SYSTEMPATH\CodeIgniter.php(499): CodeIgniter\CodeIgniter->runController(Object(App\Controllers\Produk))
 8 SYSTEMPATH\CodeIgniter.php(368): CodeIgniter\CodeIgniter->handleRequest(null, Object(Config\Cache), false)
 9 FCPATH\index.php(67): CodeIgniter\CodeIgniter->run()
CRITICAL - 2023-06-01 12:28:06 --> Undefined variable $produks
in APPPATH\Views\v_produk.php on line 17.
 1 APPPATH\Views\v_produk.php(17): CodeIgniter\Debug\Exceptions->errorHandler(2, 'Undefined variable $produks', 'D:\\XAMPP\\htdocs\\ci4\\app\\Views\\v_produk.php', 17)
 2 SYSTEMPATH\View\View.php(213): include('D:\\XAMPP\\htdocs\\ci4\\app\\Views\\v_produk.php')
 3 SYSTEMPATH\View\View.php(216): CodeIgniter\View\View->CodeIgniter\View\{closure}()
 4 SYSTEMPATH\Common.php(1184): CodeIgniter\View\View->render('v_produk', [], true)
 5 APPPATH\Controllers\Produk.php(9): view('v_produk')
 6 SYSTEMPATH\CodeIgniter.php(934): App\Controllers\Produk->produk()
 7 SYSTEMPATH\CodeIgniter.php(499): CodeIgniter\CodeIgniter->runController(Object(App\Controllers\Produk))
 8 SYSTEMPATH\CodeIgniter.php(368): CodeIgniter\CodeIgniter->handleRequest(null, Object(Config\Cache), false)
 9 FCPATH\index.php(67): CodeIgniter\CodeIgniter->run()
